<?xml version="1.0" encoding="UTF-8"?>
<!-- Generated by org.testng.reporters.JUnitReportReporter -->
<testsuite skipped="0" hostname="TSQA-L077" name="testCases.api.CommentsTest" tests="1" failures="0" timestamp="14 Jun 2020 12:03:50 GMT" time="3.986" errors="0">
  <testcase name="test" time="3.986" classname="testCases.api.CommentsTest"/>
</testsuite> <!-- testCases.api.CommentsTest -->
