<?xml version="1.0" encoding="UTF-8"?>
<!-- Generated by org.testng.reporters.JUnitReportReporter -->
<testsuite hostname="LAPTOP-AFIAST6P" failures="0" tests="1" name="testCases.api.UsersTest" time="13.909" errors="0" timestamp="15 Jun 2020 13:51:33 GMT" skipped="0">
  <testcase classname="testCases.api.UsersTest" name="test" time="13.909"/>
</testsuite> <!-- testCases.api.UsersTest -->
