<?xml version="1.0" encoding="UTF-8"?>
<!-- Generated by org.testng.reporters.JUnitReportReporter -->
<testsuite skipped="0" hostname="TSQA-L077" name="testCases.Login" tests="2" failures="0" timestamp="14 Jun 2020 06:16:21 GMT" time="33.598" errors="0">
  <testcase name="creatLead" time="18.239" classname="testCases.Login"/>
  <testcase name="creatLead" time="15.359" classname="testCases.Login"/>
</testsuite> <!-- testCases.Login -->
