<?xml version="1.0" encoding="UTF-8"?>
<!-- Generated by org.testng.reporters.JUnitReportReporter -->
<testsuite hostname="LAPTOP-AFIAST6P" failures="0" tests="2" name="testCases.ui.CreateAndFilterTest" time="24.497" errors="0" timestamp="15 Jun 2020 15:11:07 GMT" skipped="0">
  <testcase classname="testCases.ui.CreateAndFilterTest" name="merchante" time="12.602"/>
  <testcase classname="testCases.ui.CreateAndFilterTest" name="merchante" time="11.895"/>
</testsuite> <!-- testCases.ui.CreateAndFilterTest -->
