<?xml version="1.0" encoding="UTF-8"?>
<!-- Generated by org.testng.reporters.JUnitReportReporter -->
<testsuite hostname="LAPTOP-AFIAST6P" failures="0" tests="1" name="testCases.api.PostsTest" time="1.621" errors="0" timestamp="15 Jun 2020 03:09:17 GMT" skipped="0">
  <testcase classname="testCases.api.PostsTest" name="test" time="1.621"/>
</testsuite> <!-- testCases.api.PostsTest -->
