<?xml version="1.0" encoding="UTF-8"?>
<!-- Generated by org.testng.reporters.JUnitReportReporter -->
<testsuite skipped="0" hostname="TSQA-L077" name="testCases.ui.Login" tests="2" failures="0" timestamp="14 Jun 2020 10:41:36 GMT" time="48.361" errors="0">
  <testcase name="creatLead" time="25.703" classname="testCases.ui.Login"/>
  <testcase name="creatLead" time="22.658" classname="testCases.ui.Login"/>
</testsuite> <!-- testCases.ui.Login -->
